
> shokunin-api@ start /Users/tunjisunmonu/shokunin/shokunin_api
> node server.js

app runs on4567

> shokunin-api@ start /Users/tunjisunmonu/shokunin/shokunin_api
> node server.js

app runs on4567
events.js:85
      throw er; // Unhandled 'error' event
            ^
Error: listen EADDRINUSE
    at exports._errnoException (util.js:746:11)
    at Server._listen2 (net.js:1156:14)
    at listen (net.js:1182:10)
    at Server.listen (net.js:1267:5)
    at Function.app.listen (/Users/tunjisunmonu/shokunin/shokunin_api/node_modules/express/lib/application.js:531:24)
    at Object.<anonymous> (/Users/tunjisunmonu/shokunin/shokunin_api/server.js:28:5)
    at Module._compile (module.js:460:26)
    at Object.Module._extensions..js (module.js:478:10)
    at Module.load (module.js:355:32)
    at Function.Module._load (module.js:310:12)

npm ERR! Darwin 15.3.0
npm ERR! argv "node" "/usr/local/bin/npm" "start"
npm ERR! node v0.12.7
npm ERR! npm  v3.3.12
npm ERR! code ELIFECYCLE
npm ERR! shokunin-api@ start: `node server.js`
npm ERR! Exit status 1
npm ERR! 
npm ERR! Failed at the shokunin-api@ start script 'node server.js'.
npm ERR! Make sure you have the latest version of node.js and npm installed.
npm ERR! If you do, this is most likely a problem with the shokunin-api package,
npm ERR! not with npm itself.
npm ERR! Tell the author that this fails on your system:
npm ERR!     node server.js
npm ERR! You can get their info via:
npm ERR!     npm owner ls shokunin-api
npm ERR! There is likely additional logging output above.

npm ERR! Please include the following file with any support request:
npm ERR!     /Users/tunjisunmonu/shokunin/shokunin_api/npm-debug.log

> shokunin-api@ start /Users/tunjisunmonu/shokunin/shokunin_api
> node server.js

app runs on4567
events.js:85
      throw er; // Unhandled 'error' event
            ^
Error: listen EADDRINUSE
    at exports._errnoException (util.js:746:11)
    at Server._listen2 (net.js:1156:14)
    at listen (net.js:1182:10)
    at Server.listen (net.js:1267:5)
    at Function.app.listen (/Users/tunjisunmonu/shokunin/shokunin_api/node_modules/express/lib/application.js:531:24)
    at Object.<anonymous> (/Users/tunjisunmonu/shokunin/shokunin_api/server.js:28:5)
    at Module._compile (module.js:460:26)
    at Object.Module._extensions..js (module.js:478:10)
    at Module.load (module.js:355:32)
    at Function.Module._load (module.js:310:12)

npm ERR! Darwin 15.3.0
npm ERR! argv "node" "/usr/local/bin/npm" "start"
npm ERR! node v0.12.7
npm ERR! npm  v3.3.12
npm ERR! code ELIFECYCLE
npm ERR! shokunin-api@ start: `node server.js`
npm ERR! Exit status 1
npm ERR! 
npm ERR! Failed at the shokunin-api@ start script 'node server.js'.
npm ERR! Make sure you have the latest version of node.js and npm installed.
npm ERR! If you do, this is most likely a problem with the shokunin-api package,
npm ERR! not with npm itself.
npm ERR! Tell the author that this fails on your system:
npm ERR!     node server.js
npm ERR! You can get their info via:
npm ERR!     npm owner ls shokunin-api
npm ERR! There is likely additional logging output above.

npm ERR! Please include the following file with any support request:
npm ERR!     /Users/tunjisunmonu/shokunin/shokunin_api/npm-debug.log

> shokunin-api@ start /Users/tunjisunmonu/shokunin/shokunin_api
> node server.js

app runs on4567
events.js:85
      throw er; // Unhandled 'error' event
            ^
Error: listen EADDRINUSE
    at exports._errnoException (util.js:746:11)
    at Server._listen2 (net.js:1156:14)
    at listen (net.js:1182:10)
    at Server.listen (net.js:1267:5)
    at Function.app.listen (/Users/tunjisunmonu/shokunin/shokunin_api/node_modules/express/lib/application.js:531:24)
    at Object.<anonymous> (/Users/tunjisunmonu/shokunin/shokunin_api/server.js:28:5)
    at Module._compile (module.js:460:26)
    at Object.Module._extensions..js (module.js:478:10)
    at Module.load (module.js:355:32)
    at Function.Module._load (module.js:310:12)

npm ERR! Darwin 15.3.0
npm ERR! argv "node" "/usr/local/bin/npm" "start"
npm ERR! node v0.12.7
npm ERR! npm  v3.3.12
npm ERR! code ELIFECYCLE
npm ERR! shokunin-api@ start: `node server.js`
npm ERR! Exit status 1
npm ERR! 
npm ERR! Failed at the shokunin-api@ start script 'node server.js'.
npm ERR! Make sure you have the latest version of node.js and npm installed.
npm ERR! If you do, this is most likely a problem with the shokunin-api package,
npm ERR! not with npm itself.
npm ERR! Tell the author that this fails on your system:
npm ERR!     node server.js
npm ERR! You can get their info via:
npm ERR!     npm owner ls shokunin-api
npm ERR! There is likely additional logging output above.

npm ERR! Please include the following file with any support request:
npm ERR!     /Users/tunjisunmonu/shokunin/shokunin_api/npm-debug.log

> shokunin-api@ start /Users/tunjisunmonu/shokunin/shokunin_api
> node server.js

app runs on4567
events.js:85
      throw er; // Unhandled 'error' event
            ^
Error: listen EADDRINUSE
    at exports._errnoException (util.js:746:11)
    at Server._listen2 (net.js:1156:14)
    at listen (net.js:1182:10)
    at Server.listen (net.js:1267:5)
    at Function.app.listen (/Users/tunjisunmonu/shokunin/shokunin_api/node_modules/express/lib/application.js:531:24)
    at Object.<anonymous> (/Users/tunjisunmonu/shokunin/shokunin_api/server.js:28:5)
    at Module._compile (module.js:460:26)
    at Object.Module._extensions..js (module.js:478:10)
    at Module.load (module.js:355:32)
    at Function.Module._load (module.js:310:12)

npm ERR! Darwin 15.3.0
npm ERR! argv "node" "/usr/local/bin/npm" "start"
npm ERR! node v0.12.7
npm ERR! npm  v3.3.12
npm ERR! code ELIFECYCLE
npm ERR! shokunin-api@ start: `node server.js`
npm ERR! Exit status 1
npm ERR! 
npm ERR! Failed at the shokunin-api@ start script 'node server.js'.
npm ERR! Make sure you have the latest version of node.js and npm installed.
npm ERR! If you do, this is most likely a problem with the shokunin-api package,
npm ERR! not with npm itself.
npm ERR! Tell the author that this fails on your system:
npm ERR!     node server.js
npm ERR! You can get their info via:
npm ERR!     npm owner ls shokunin-api
npm ERR! There is likely additional logging output above.

npm ERR! Please include the following file with any support request:
npm ERR!     /Users/tunjisunmonu/shokunin/shokunin_api/npm-debug.log

> shokunin-api@ start /Users/tunjisunmonu/shokunin/shokunin_api
> node server.js

app runs on4567

> shokunin-api@ start /Users/tunjisunmonu/shokunin/shokunin_api
> node server.js

app runs on4567
events.js:85
      throw er; // Unhandled 'error' event
            ^
Error: listen EADDRINUSE
    at exports._errnoException (util.js:746:11)
    at Server._listen2 (net.js:1156:14)
    at listen (net.js:1182:10)
    at Server.listen (net.js:1267:5)
    at Function.app.listen (/Users/tunjisunmonu/shokunin/shokunin_api/node_modules/express/lib/application.js:531:24)
    at Object.<anonymous> (/Users/tunjisunmonu/shokunin/shokunin_api/server.js:28:5)
    at Module._compile (module.js:460:26)
    at Object.Module._extensions..js (module.js:478:10)
    at Module.load (module.js:355:32)
    at Function.Module._load (module.js:310:12)

npm ERR! Darwin 15.3.0
npm ERR! argv "node" "/usr/local/bin/npm" "start"
npm ERR! node v0.12.7
npm ERR! npm  v3.3.12
npm ERR! code ELIFECYCLE
npm ERR! shokunin-api@ start: `node server.js`
npm ERR! Exit status 1
npm ERR! 
npm ERR! Failed at the shokunin-api@ start script 'node server.js'.
npm ERR! Make sure you have the latest version of node.js and npm installed.
npm ERR! If you do, this is most likely a problem with the shokunin-api package,
npm ERR! not with npm itself.
npm ERR! Tell the author that this fails on your system:
npm ERR!     node server.js
npm ERR! You can get their info via:
npm ERR!     npm owner ls shokunin-api
npm ERR! There is likely additional logging output above.

npm ERR! Please include the following file with any support request:
npm ERR!     /Users/tunjisunmonu/shokunin/shokunin_api/npm-debug.log

> shokunin-api@ start /Users/tunjisunmonu/shokunin/shokunin_api
> node server.js

app runs on4567
events.js:85
      throw er; // Unhandled 'error' event
            ^
Error: listen EADDRINUSE
    at exports._errnoException (util.js:746:11)
    at Server._listen2 (net.js:1156:14)
    at listen (net.js:1182:10)
    at Server.listen (net.js:1267:5)
    at Function.app.listen (/Users/tunjisunmonu/shokunin/shokunin_api/node_modules/express/lib/application.js:531:24)
    at Object.<anonymous> (/Users/tunjisunmonu/shokunin/shokunin_api/server.js:28:5)
    at Module._compile (module.js:460:26)
    at Object.Module._extensions..js (module.js:478:10)
    at Module.load (module.js:355:32)
    at Function.Module._load (module.js:310:12)

npm ERR! Darwin 15.3.0
npm ERR! argv "node" "/usr/local/bin/npm" "start"
npm ERR! node v0.12.7
npm ERR! npm  v3.3.12
npm ERR! code ELIFECYCLE
npm ERR! shokunin-api@ start: `node server.js`
npm ERR! Exit status 1
npm ERR! 
npm ERR! Failed at the shokunin-api@ start script 'node server.js'.
npm ERR! Make sure you have the latest version of node.js and npm installed.
npm ERR! If you do, this is most likely a problem with the shokunin-api package,
npm ERR! not with npm itself.
npm ERR! Tell the author that this fails on your system:
npm ERR!     node server.js
npm ERR! You can get their info via:
npm ERR!     npm owner ls shokunin-api
npm ERR! There is likely additional logging output above.

npm ERR! Please include the following file with any support request:
npm ERR!     /Users/tunjisunmonu/shokunin/shokunin_api/npm-debug.log

> shokunin-api@ start /Users/tunjisunmonu/shokunin/shokunin_api
> node server.js

app runs on4567
events.js:85
      throw er; // Unhandled 'error' event
            ^
Error: listen EADDRINUSE
    at exports._errnoException (util.js:746:11)
    at Server._listen2 (net.js:1156:14)
    at listen (net.js:1182:10)
    at Server.listen (net.js:1267:5)
    at Function.app.listen (/Users/tunjisunmonu/shokunin/shokunin_api/node_modules/express/lib/application.js:531:24)
    at Object.<anonymous> (/Users/tunjisunmonu/shokunin/shokunin_api/server.js:28:5)
    at Module._compile (module.js:460:26)
    at Object.Module._extensions..js (module.js:478:10)
    at Module.load (module.js:355:32)
    at Function.Module._load (module.js:310:12)

npm ERR! Darwin 15.3.0
npm ERR! argv "node" "/usr/local/bin/npm" "start"
npm ERR! node v0.12.7
npm ERR! npm  v3.3.12
npm ERR! code ELIFECYCLE
npm ERR! shokunin-api@ start: `node server.js`
npm ERR! Exit status 1
npm ERR! 
npm ERR! Failed at the shokunin-api@ start script 'node server.js'.
npm ERR! Make sure you have the latest version of node.js and npm installed.
npm ERR! If you do, this is most likely a problem with the shokunin-api package,
npm ERR! not with npm itself.
npm ERR! Tell the author that this fails on your system:
npm ERR!     node server.js
npm ERR! You can get their info via:
npm ERR!     npm owner ls shokunin-api
npm ERR! There is likely additional logging output above.

npm ERR! Please include the following file with any support request:
npm ERR!     /Users/tunjisunmonu/shokunin/shokunin_api/npm-debug.log
